e:\69game\dac\x64\debug\dac.pch
e:\69game\dac\x64\debug\vc141.pdb
e:\69game\dac\x64\debug\vc141.idb
e:\69game\dac\x64\debug\pch.obj
e:\69game\dac\x64\debug\xuly.obj
e:\69game\dac\x64\debug\library.obj
e:\69game\dac\x64\debug\xephinh.obj
e:\69game\dac\x64\debug\tetromino.obj
e:\69game\dac\x64\debug\superman.obj
e:\69game\dac\x64\debug\menu.obj
e:\69game\dac\x64\debug\intro.obj
e:\69game\x64\debug\dac.exe
e:\69game\x64\debug\dac.ilk
e:\69game\x64\debug\dac.pdb
c:\users\quocthai\desktop\xephinh\game69\69game\dac\x64\debug\intro.obj
c:\users\quocthai\desktop\xephinh\game69\69game\dac\x64\debug\library.obj
c:\users\quocthai\desktop\xephinh\game69\69game\dac\x64\debug\menu.obj
c:\users\quocthai\desktop\xephinh\game69\69game\dac\x64\debug\pch.obj
c:\users\quocthai\desktop\xephinh\game69\69game\dac\x64\debug\superman.obj
c:\users\quocthai\desktop\xephinh\game69\69game\dac\x64\debug\tetromino.obj
c:\users\quocthai\desktop\xephinh\game69\69game\dac\x64\debug\xephinh.obj
c:\users\quocthai\desktop\xephinh\game69\69game\dac\x64\debug\xuly.obj
c:\users\quocthai\desktop\xephinh\game69\69game\dac\x64\debug\dac.pch
c:\users\quocthai\desktop\xephinh\game69\69game\dac\x64\debug\vc141.idb
c:\users\quocthai\desktop\xephinh\game69\69game\dac\x64\debug\vc141.pdb
c:\users\quocthai\desktop\xephinh\game69\69game\x64\debug\dac.pdb
c:\users\quocthai\desktop\xephinh\game69\69game\x64\debug\dac.exe
c:\users\quocthai\desktop\xephinh\game69\69game\x64\debug\dac.ilk
c:\users\quocthai\desktop\xephinh\game69\69game\dac\x64\debug\dac.tlog\cl.command.1.tlog
c:\users\quocthai\desktop\xephinh\game69\69game\dac\x64\debug\dac.tlog\cl.read.1.tlog
c:\users\quocthai\desktop\xephinh\game69\69game\dac\x64\debug\dac.tlog\cl.write.1.tlog
c:\users\quocthai\desktop\xephinh\game69\69game\dac\x64\debug\dac.tlog\link.command.1.tlog
c:\users\quocthai\desktop\xephinh\game69\69game\dac\x64\debug\dac.tlog\link.read.1.tlog
c:\users\quocthai\desktop\xephinh\game69\69game\dac\x64\debug\dac.tlog\link.write.1.tlog
